<?xml version="1.0" encoding="UTF-8"?>
<!-- Generated by org.testng.reporters.JUnitXMLReporter -->
<testsuite hostname="MMB" ignored="0" name="Default test" tests="3" failures="0" timestamp="2020-06-26T03:06:43 IRDT" time="56.942" errors="0">
  <testcase name="test1" time="2.758" classname="com.AutomationTalks.project1.TESTCLASS1"/>
  <testcase name="test2" time="23.509" classname="com.AutomationTalks.project1.TESTCLASS1"/>
  <testcase name="test3" time="21.181" classname="com.AutomationTalks.project1.TESTCLASS1"/>
</testsuite> <!-- Default test -->
