<?xml version="1.0" encoding="UTF-8"?>
<!-- Generated by org.testng.reporters.JUnitXMLReporter -->
<testsuite hostname="MMB" ignored="0" name="Test" tests="3" failures="0" timestamp="2020-06-26T03:28:34 IRDT" time="56.948" errors="0">
  <testcase name="test1" time="21.182" classname="com.AutomationTalks.project1.TESTCLASS1"/>
  <testcase name="test2" time="23.18" classname="com.AutomationTalks.project1.TESTCLASS1"/>
  <testcase name="test3" time="3.566" classname="com.AutomationTalks.project1.TESTCLASS1"/>
</testsuite> <!-- Test -->
