<?xml version="1.0" encoding="UTF-8"?>
<testng-results skipped="0" failed="0" ignored="0" total="3" passed="3">
  <reporter-output>
  </reporter-output>
  <suite name="Suite" duration-ms="56948" started-at="2020-06-26T03:27:37 IRDT" finished-at="2020-06-26T03:28:34 IRDT">
    <groups>
    </groups>
    <test name="Test" duration-ms="56948" started-at="2020-06-26T03:27:37 IRDT" finished-at="2020-06-26T03:28:34 IRDT">
      <class name="com.AutomationTalks.project1.TESTCLASS1">
        <test-method status="PASS" signature="launchDriver()[pri:0, instance:com.AutomationTalks.project1.TESTCLASS1@148080bb]" name="launchDriver" is-config="true" duration-ms="2745" started-at="2020-06-26T03:27:37 IRDT" finished-at="2020-06-26T03:27:39 IRDT">
          <reporter-output>
          </reporter-output>
        </test-method> <!-- launchDriver -->
        <test-method status="PASS" signature="test1()[pri:0, instance:com.AutomationTalks.project1.TESTCLASS1@148080bb]" name="test1" duration-ms="21182" started-at="2020-06-26T03:27:39 IRDT" finished-at="2020-06-26T03:28:01 IRDT">
          <reporter-output>
          </reporter-output>
        </test-method> <!-- test1 -->
        <test-method status="PASS" signature="quit()[pri:0, instance:com.AutomationTalks.project1.TESTCLASS1@148080bb]" name="quit" is-config="true" duration-ms="580" started-at="2020-06-26T03:28:01 IRDT" finished-at="2020-06-26T03:28:01 IRDT">
          <reporter-output>
          </reporter-output>
        </test-method> <!-- quit -->
        <test-method status="PASS" signature="launchDriver()[pri:0, instance:com.AutomationTalks.project1.TESTCLASS1@148080bb]" name="launchDriver" is-config="true" duration-ms="2205" started-at="2020-06-26T03:28:01 IRDT" finished-at="2020-06-26T03:28:03 IRDT">
          <reporter-output>
          </reporter-output>
        </test-method> <!-- launchDriver -->
        <test-method status="PASS" signature="test2()[pri:0, instance:com.AutomationTalks.project1.TESTCLASS1@148080bb]" name="test2" duration-ms="23180" started-at="2020-06-26T03:28:03 IRDT" finished-at="2020-06-26T03:28:27 IRDT">
          <reporter-output>
          </reporter-output>
        </test-method> <!-- test2 -->
        <test-method status="PASS" signature="quit()[pri:0, instance:com.AutomationTalks.project1.TESTCLASS1@148080bb]" name="quit" is-config="true" duration-ms="575" started-at="2020-06-26T03:28:27 IRDT" finished-at="2020-06-26T03:28:27 IRDT">
          <reporter-output>
          </reporter-output>
        </test-method> <!-- quit -->
        <test-method status="PASS" signature="launchDriver()[pri:0, instance:com.AutomationTalks.project1.TESTCLASS1@148080bb]" name="launchDriver" is-config="true" duration-ms="2313" started-at="2020-06-26T03:28:27 IRDT" finished-at="2020-06-26T03:28:29 IRDT">
          <reporter-output>
          </reporter-output>
        </test-method> <!-- launchDriver -->
        <test-method status="PASS" signature="test3()[pri:0, instance:com.AutomationTalks.project1.TESTCLASS1@148080bb]" name="test3" duration-ms="3566" started-at="2020-06-26T03:28:29 IRDT" finished-at="2020-06-26T03:28:33 IRDT">
          <reporter-output>
          </reporter-output>
        </test-method> <!-- test3 -->
        <test-method status="PASS" signature="quit()[pri:0, instance:com.AutomationTalks.project1.TESTCLASS1@148080bb]" name="quit" is-config="true" duration-ms="567" started-at="2020-06-26T03:28:33 IRDT" finished-at="2020-06-26T03:28:34 IRDT">
          <reporter-output>
          </reporter-output>
        </test-method> <!-- quit -->
      </class> <!-- com.AutomationTalks.project1.TESTCLASS1 -->
    </test> <!-- Test -->
  </suite> <!-- Suite -->
</testng-results>
